0 info it worked if it ends with ok
1 verbose cli [ '/usr/local/bin/node',
1 verbose cli   '/Users/victordibia/.npm-packages/bin/npm',
1 verbose cli   'install',
1 verbose cli   '-save',
1 verbose cli   'pigpio' ]
2 info using npm@3.10.5
3 info using node@v6.2.2
4 silly loadCurrentTree Starting
5 silly install loadCurrentTree
6 silly install readLocalPackageData
7 silly fetchPackageMetaData pigpio
8 silly fetchNamedPackageData pigpio
9 silly mapToRegistry name pigpio
10 silly mapToRegistry using default registry
11 silly mapToRegistry registry https://cel-npm-registry.mybluemix.net/
12 silly mapToRegistry data Result {
12 silly mapToRegistry   raw: 'pigpio',
12 silly mapToRegistry   scope: null,
12 silly mapToRegistry   escapedName: 'pigpio',
12 silly mapToRegistry   name: 'pigpio',
12 silly mapToRegistry   rawSpec: '',
12 silly mapToRegistry   spec: 'latest',
12 silly mapToRegistry   type: 'tag' }
13 silly mapToRegistry uri https://cel-npm-registry.mybluemix.net/pigpio
14 verbose request uri https://cel-npm-registry.mybluemix.net/pigpio
15 verbose request no auth needed
16 info attempt registry request try #1 at 11:08:11 PM
17 verbose request using bearer token for auth
18 verbose request id d6e8e55757ebd00a
19 verbose etag "8175d12b2ef73e6ff9cd65d852ba0f21"
20 http request GET https://cel-npm-registry.mybluemix.net/pigpio
21 http 200 https://cel-npm-registry.mybluemix.net/pigpio
22 verbose headers { 'x-backside-transport': 'OK OK',
22 verbose headers   connection: 'Keep-Alive',
22 verbose headers   'transfer-encoding': 'chunked',
22 verbose headers   'content-encoding': 'gzip',
22 verbose headers   'content-type': 'application/json; charset=utf-8',
22 verbose headers   date: 'Thu, 24 Nov 2016 04:08:11 GMT',
22 verbose headers   etag: '"43ab7b38f9a37074addcd9c4d78f6b1a"',
22 verbose headers   vary: 'Accept-Encoding',
22 verbose headers   'x-powered-by': 'Sinopia/1.4.0',
22 verbose headers   'x-status-cat': 'http://flic.kr/p/aVuVsF',
22 verbose headers   'x-global-transaction-id': '3282593725' }
23 silly get cb [ 200,
23 silly get   { 'x-backside-transport': 'OK OK',
23 silly get     connection: 'Keep-Alive',
23 silly get     'transfer-encoding': 'chunked',
23 silly get     'content-encoding': 'gzip',
23 silly get     'content-type': 'application/json; charset=utf-8',
23 silly get     date: 'Thu, 24 Nov 2016 04:08:11 GMT',
23 silly get     etag: '"43ab7b38f9a37074addcd9c4d78f6b1a"',
23 silly get     vary: 'Accept-Encoding',
23 silly get     'x-powered-by': 'Sinopia/1.4.0',
23 silly get     'x-status-cat': 'http://flic.kr/p/aVuVsF',
23 silly get     'x-global-transaction-id': '3282593725' } ]
24 verbose get saving pigpio to /Users/victordibia/.npm/cel-npm-registry.mybluemix.net/pigpio/.cache.json
25 verbose correctMkdir /Users/victordibia/.npm correctMkdir not in flight; initializing
26 silly install normalizeTree
27 silly loadCurrentTree Finishing
28 silly loadIdealTree Starting
29 silly install loadIdealTree
30 silly cloneCurrentTree Starting
31 silly install cloneCurrentTreeToIdealTree
32 silly cloneCurrentTree Finishing
33 silly loadShrinkwrap Starting
34 silly install loadShrinkwrap
35 silly loadShrinkwrap Finishing
36 silly loadAllDepsIntoIdealTree Starting
37 silly install loadAllDepsIntoIdealTree
38 silly resolveWithNewModule pigpio@0.4.0 checking installable status
39 silly cache add args [ 'pigpio', null ]
40 verbose cache add spec pigpio
41 silly cache add parsed spec Result {
41 silly cache add   raw: 'pigpio',
41 silly cache add   scope: null,
41 silly cache add   escapedName: 'pigpio',
41 silly cache add   name: 'pigpio',
41 silly cache add   rawSpec: '',
41 silly cache add   spec: 'latest',
41 silly cache add   type: 'tag' }
42 silly addNamed pigpio@latest
43 verbose addNamed "latest" is being treated as a dist-tag for pigpio
44 info addNameTag [ 'pigpio', 'latest' ]
45 silly mapToRegistry name pigpio
46 silly mapToRegistry using default registry
47 silly mapToRegistry registry https://cel-npm-registry.mybluemix.net/
48 silly mapToRegistry data Result {
48 silly mapToRegistry   raw: 'pigpio',
48 silly mapToRegistry   scope: null,
48 silly mapToRegistry   escapedName: 'pigpio',
48 silly mapToRegistry   name: 'pigpio',
48 silly mapToRegistry   rawSpec: '',
48 silly mapToRegistry   spec: 'latest',
48 silly mapToRegistry   type: 'tag' }
49 silly mapToRegistry uri https://cel-npm-registry.mybluemix.net/pigpio
50 verbose addNameTag registry:https://cel-npm-registry.mybluemix.net/pigpio not in flight; fetching
51 verbose get https://cel-npm-registry.mybluemix.net/pigpio not expired, no request
52 silly addNameTag next cb for pigpio with tag latest
53 silly addNamed pigpio@0.4.0
54 verbose addNamed "0.4.0" is a plain semver version for pigpio
55 silly mapToRegistry name pigpio
56 silly mapToRegistry using default registry
57 silly mapToRegistry registry https://cel-npm-registry.mybluemix.net/
58 silly mapToRegistry data Result {
58 silly mapToRegistry   raw: 'pigpio',
58 silly mapToRegistry   scope: null,
58 silly mapToRegistry   escapedName: 'pigpio',
58 silly mapToRegistry   name: 'pigpio',
58 silly mapToRegistry   rawSpec: '',
58 silly mapToRegistry   spec: 'latest',
58 silly mapToRegistry   type: 'tag' }
59 silly mapToRegistry uri https://cel-npm-registry.mybluemix.net/pigpio
60 verbose addRemoteTarball https://cel-npm-registry.mybluemix.net/pigpio/-/pigpio-0.4.0.tgz not in flight; adding
61 verbose addRemoteTarball [ 'https://cel-npm-registry.mybluemix.net/pigpio/-/pigpio-0.4.0.tgz',
61 verbose addRemoteTarball   '11fbcb4517980ca1b8252ebe21f7db6f7ea655b9' ]
62 info retry fetch attempt 1 at 11:08:12 PM
63 info attempt registry request try #1 at 11:08:12 PM
64 http fetch GET https://cel-npm-registry.mybluemix.net/pigpio/-/pigpio-0.4.0.tgz
65 verbose request using bearer token for auth
66 http fetch 200 https://cel-npm-registry.mybluemix.net/pigpio/-/pigpio-0.4.0.tgz
67 silly fetchAndShaCheck shasum 11fbcb4517980ca1b8252ebe21f7db6f7ea655b9
68 verbose addTmpTarball /var/folders/gx/tm9r1yqx76d4ps4zvw66c_6w0000gn/T/npm-48204-dee00d5c/cel-npm-registry.mybluemix.net/pigpio/-/pigpio-0.4.0.tgz not in flight; adding
69 verbose addTmpTarball already have metadata; skipping unpack for pigpio@0.4.0
70 verbose correctMkdir /Users/victordibia/.npm correctMkdir not in flight; initializing
71 silly cache afterAdd pigpio@0.4.0
72 verbose afterAdd /Users/victordibia/.npm/pigpio/0.4.0/package/package.json not in flight; writing
73 verbose correctMkdir /Users/victordibia/.npm correctMkdir not in flight; initializing
74 verbose afterAdd /Users/victordibia/.npm/pigpio/0.4.0/package/package.json written
75 silly loadAllDepsIntoIdealTree Finishing
76 silly loadIdealTree Finishing
77 silly currentTree tjwave@1.0.0
77 silly currentTree ├── aac@0.1.3
77 silly currentTree ├── abc@0.5.1
77 silly currentTree ├── alac@0.1.0
77 silly currentTree ├── assertion-error@1.0.0
77 silly currentTree ├── async@0.9.2
77 silly currentTree ├─┬ audiobuffer@0.2.0
77 silly currentTree │ └── underscore@1.4.4
77 silly currentTree ├── av@0.4.9
77 silly currentTree ├── bindings@1.2.1
77 silly currentTree ├── buffer-shims@1.0.0
77 silly currentTree ├── chai@1.7.2
77 silly currentTree ├── coffee-script@1.7.1
77 silly currentTree ├── coffeeify@0.6.0
77 silly currentTree ├── convert-source-map@0.3.5
77 silly currentTree ├── core-util-is@1.0.2
77 silly currentTree ├── debug@2.3.3
77 silly currentTree ├── flac@0.3.0
77 silly currentTree ├── fsa@0.5.1
77 silly currentTree ├── inherits@2.0.3
77 silly currentTree ├── isarray@1.0.0
77 silly currentTree ├── mkdirp@0.3.5
77 silly currentTree ├── mp3@0.1.0
77 silly currentTree ├── ms@0.7.2
77 silly currentTree ├── nan@2.4.0
77 silly currentTree ├─┬ pcm-boilerplate@0.1.1
77 silly currentTree │ ├── async@0.2.10
77 silly currentTree │ └── underscore@1.4.4
77 silly currentTree ├── process-nextick-args@1.0.7
77 silly currentTree ├── readable-stream@2.2.2
77 silly currentTree ├── speaker@0.3.0
77 silly currentTree ├── string_decoder@0.10.31
77 silly currentTree ├── through@2.3.8
77 silly currentTree ├── underscore@1.8.3
77 silly currentTree ├── util-deprecate@1.0.2
77 silly currentTree └── web-audio-api@0.2.2
78 silly idealTree tjwave@1.0.0
78 silly idealTree ├── aac@0.1.3
78 silly idealTree ├── abc@0.5.1
78 silly idealTree ├── alac@0.1.0
78 silly idealTree ├── assertion-error@1.0.0
78 silly idealTree ├── async@0.9.2
78 silly idealTree ├─┬ audiobuffer@0.2.0
78 silly idealTree │ └── underscore@1.4.4
78 silly idealTree ├── av@0.4.9
78 silly idealTree ├── bindings@1.2.1
78 silly idealTree ├── buffer-shims@1.0.0
78 silly idealTree ├── chai@1.7.2
78 silly idealTree ├── coffee-script@1.7.1
78 silly idealTree ├── coffeeify@0.6.0
78 silly idealTree ├── convert-source-map@0.3.5
78 silly idealTree ├── core-util-is@1.0.2
78 silly idealTree ├── debug@2.3.3
78 silly idealTree ├── flac@0.3.0
78 silly idealTree ├── fsa@0.5.1
78 silly idealTree ├── inherits@2.0.3
78 silly idealTree ├── isarray@1.0.0
78 silly idealTree ├── mkdirp@0.3.5
78 silly idealTree ├── mp3@0.1.0
78 silly idealTree ├── ms@0.7.2
78 silly idealTree ├── nan@2.4.0
78 silly idealTree ├─┬ pcm-boilerplate@0.1.1
78 silly idealTree │ ├── async@0.2.10
78 silly idealTree │ └── underscore@1.4.4
78 silly idealTree ├── pigpio@0.4.0
78 silly idealTree ├── process-nextick-args@1.0.7
78 silly idealTree ├── readable-stream@2.2.2
78 silly idealTree ├── speaker@0.3.0
78 silly idealTree ├── string_decoder@0.10.31
78 silly idealTree ├── through@2.3.8
78 silly idealTree ├── underscore@1.8.3
78 silly idealTree ├── util-deprecate@1.0.2
78 silly idealTree └── web-audio-api@0.2.2
79 silly generateActionsToTake Starting
80 silly install generateActionsToTake
81 silly generateActionsToTake Finishing
82 silly diffTrees action count 1
83 silly diffTrees add pigpio@0.4.0
84 silly decomposeActions action count 8
85 silly decomposeActions fetch pigpio@0.4.0
86 silly decomposeActions extract pigpio@0.4.0
87 silly decomposeActions test pigpio@0.4.0
88 silly decomposeActions preinstall pigpio@0.4.0
89 silly decomposeActions build pigpio@0.4.0
90 silly decomposeActions install pigpio@0.4.0
91 silly decomposeActions postinstall pigpio@0.4.0
92 silly decomposeActions finalize pigpio@0.4.0
93 silly executeActions Starting
94 silly install executeActions
95 silly doSerial global-install 0
96 silly doParallel fetch 1
97 verbose correctMkdir /Users/victordibia/.npm/_locks correctMkdir not in flight; initializing
98 verbose lock using /Users/victordibia/.npm/_locks/staging-eb6f1b67b8e32dd4.lock for /Users/victordibia/projects/publicgit/tjwave/node_modules/.staging
99 silly doParallel extract 1
100 silly extract pigpio@0.4.0
101 verbose unbuild node_modules/.staging/pigpio-8dac772a
102 silly gentlyRm /Users/victordibia/projects/publicgit/tjwave/node_modules/.staging/pigpio-8dac772a is being purged from base /Users/victordibia/projects/publicgit/tjwave
103 verbose gentlyRm don't care about contents; nuking /Users/victordibia/projects/publicgit/tjwave/node_modules/.staging/pigpio-8dac772a
104 verbose tar unpack /Users/victordibia/.npm/pigpio/0.4.0/package.tgz
105 verbose tar unpacking to /Users/victordibia/projects/publicgit/tjwave/node_modules/.staging/pigpio-8dac772a
106 silly gentlyRm /Users/victordibia/projects/publicgit/tjwave/node_modules/.staging/pigpio-8dac772a is being purged
107 verbose gentlyRm don't care about contents; nuking /Users/victordibia/projects/publicgit/tjwave/node_modules/.staging/pigpio-8dac772a
108 silly gunzTarPerm modes [ '755', '644' ]
109 silly gunzTarPerm extractEntry package.json
110 silly gunzTarPerm modified mode [ 'package.json', 436, 420 ]
111 silly gunzTarPerm extractEntry .npmignore
112 silly gunzTarPerm modified mode [ '.npmignore', 436, 420 ]
113 silly gunzTarPerm extractEntry README.md
114 silly gunzTarPerm modified mode [ 'README.md', 436, 420 ]
115 silly gunzTarPerm extractEntry LICENSE
116 silly gunzTarPerm modified mode [ 'LICENSE', 436, 420 ]
117 silly gunzTarPerm extractEntry pigpio.js
118 silly gunzTarPerm modified mode [ 'pigpio.js', 436, 420 ]
119 silly gunzTarPerm extractEntry History.md
120 silly gunzTarPerm modified mode [ 'History.md', 436, 420 ]
121 silly gunzTarPerm extractEntry example/alert.js
122 silly gunzTarPerm modified mode [ 'example/alert.js', 436, 420 ]
123 silly gunzTarPerm extractEntry example/blinky.js
124 silly gunzTarPerm modified mode [ 'example/blinky.js', 436, 420 ]
125 silly gunzTarPerm extractEntry example/distance-hc-sr04.js
126 silly gunzTarPerm modified mode [ 'example/distance-hc-sr04.js', 436, 420 ]
127 silly gunzTarPerm extractEntry example/gpio-info.js
128 silly gunzTarPerm modified mode [ 'example/gpio-info.js', 436, 420 ]
129 silly gunzTarPerm extractEntry example/light-switch.js
130 silly gunzTarPerm modified mode [ 'example/light-switch.js', 436, 420 ]
131 silly gunzTarPerm extractEntry example/pulse-led.js
132 silly gunzTarPerm modified mode [ 'example/pulse-led.js', 436, 420 ]
133 silly gunzTarPerm extractEntry example/servo.js
134 silly gunzTarPerm modified mode [ 'example/servo.js', 436, 420 ]
135 silly gunzTarPerm extractEntry example/distance-hc-sr04.png
136 silly gunzTarPerm modified mode [ 'example/distance-hc-sr04.png', 436, 420 ]
137 silly gunzTarPerm extractEntry example/pigpio.png
138 silly gunzTarPerm modified mode [ 'example/pigpio.png', 436, 420 ]
139 silly gunzTarPerm extractEntry test/alert-pwm-measurement.js
140 silly gunzTarPerm modified mode [ 'test/alert-pwm-measurement.js', 436, 420 ]
141 silly gunzTarPerm extractEntry test/do-nothing.js
142 silly gunzTarPerm modified mode [ 'test/do-nothing.js', 436, 420 ]
143 silly gunzTarPerm extractEntry test/gpio-mode.js
144 silly gunzTarPerm modified mode [ 'test/gpio-mode.js', 436, 420 ]
145 silly gunzTarPerm extractEntry test/gpio-numbers.js
146 silly gunzTarPerm modified mode [ 'test/gpio-numbers.js', 436, 420 ]
147 silly gunzTarPerm extractEntry test/isr-enable-disable.js
148 silly gunzTarPerm modified mode [ 'test/isr-enable-disable.js', 436, 420 ]
149 silly gunzTarPerm extractEntry test/digital-write-performance.js
150 silly gunzTarPerm modified mode [ 'test/digital-write-performance.js', 436, 420 ]
151 silly gunzTarPerm extractEntry test/alert-trigger-pulse-measurement.js
152 silly gunzTarPerm modified mode [ 'test/alert-trigger-pulse-measurement.js', 436, 420 ]
153 silly gunzTarPerm extractEntry test/isr-timeouts-2.js
154 silly gunzTarPerm modified mode [ 'test/isr-timeouts-2.js', 436, 420 ]
155 silly gunzTarPerm extractEntry test/isr-timeouts.js
156 silly gunzTarPerm modified mode [ 'test/isr-timeouts.js', 436, 420 ]
157 silly gunzTarPerm extractEntry test/light-switch.js
158 silly gunzTarPerm modified mode [ 'test/light-switch.js', 436, 420 ]
159 silly gunzTarPerm extractEntry test/notifier-leak-check.js
160 silly gunzTarPerm modified mode [ 'test/notifier-leak-check.js', 436, 420 ]
161 silly gunzTarPerm extractEntry test/digital-read-performance.js
162 silly gunzTarPerm modified mode [ 'test/digital-read-performance.js', 436, 420 ]
163 silly gunzTarPerm extractEntry test/notifier-pwm.js
164 silly gunzTarPerm modified mode [ 'test/notifier-pwm.js', 436, 420 ]
165 silly gunzTarPerm extractEntry test/servo-control.js
166 silly gunzTarPerm modified mode [ 'test/servo-control.js', 436, 420 ]
167 silly gunzTarPerm extractEntry test/notifier-stress.js
168 silly gunzTarPerm modified mode [ 'test/notifier-stress.js', 436, 420 ]
169 silly gunzTarPerm extractEntry test/blinky.js
170 silly gunzTarPerm modified mode [ 'test/blinky.js', 436, 420 ]
171 silly gunzTarPerm extractEntry test/notifier.js
172 silly gunzTarPerm modified mode [ 'test/notifier.js', 436, 420 ]
173 silly gunzTarPerm extractEntry test/blinky-pwm.js
174 silly gunzTarPerm modified mode [ 'test/blinky-pwm.js', 436, 420 ]
175 silly gunzTarPerm extractEntry test/pull-up-down.js
176 silly gunzTarPerm modified mode [ 'test/pull-up-down.js', 436, 420 ]
177 silly gunzTarPerm extractEntry test/banked-leds.js
178 silly gunzTarPerm modified mode [ 'test/banked-leds.js', 436, 420 ]
179 silly gunzTarPerm extractEntry test/pulse-led.js
180 silly gunzTarPerm modified mode [ 'test/pulse-led.js', 436, 420 ]
181 silly gunzTarPerm extractEntry test/alert.js
182 silly gunzTarPerm modified mode [ 'test/alert.js', 436, 420 ]
183 silly gunzTarPerm extractEntry test/pwm.js
184 silly gunzTarPerm modified mode [ 'test/pwm.js', 436, 420 ]
185 silly gunzTarPerm extractEntry test/isr-multiple-sources.js
186 silly gunzTarPerm modified mode [ 'test/isr-multiple-sources.js', 436, 420 ]
187 silly gunzTarPerm extractEntry test/trigger-led.js
188 silly gunzTarPerm modified mode [ 'test/trigger-led.js', 436, 420 ]
189 silly gunzTarPerm extractEntry test/isr-performance.js
190 silly gunzTarPerm modified mode [ 'test/isr-performance.js', 436, 420 ]
191 silly gunzTarPerm extractEntry test/run-tests
192 silly gunzTarPerm modified mode [ 'test/run-tests', 509, 493 ]
193 silly gunzTarPerm extractEntry test/c-interface/blinky.js
194 silly gunzTarPerm modified mode [ 'test/c-interface/blinky.js', 436, 420 ]
195 silly gunzTarPerm extractEntry test/c-interface/do-nothing.js
196 silly gunzTarPerm modified mode [ 'test/c-interface/do-nothing.js', 436, 420 ]
197 silly gunzTarPerm extractEntry test/c-interface/gpio-write-performance.js
198 silly gunzTarPerm modified mode [ 'test/c-interface/gpio-write-performance.js', 436, 420 ]
199 silly gunzTarPerm extractEntry test/c-interface/irq-dynamic.js
200 silly gunzTarPerm modified mode [ 'test/c-interface/irq-dynamic.js', 436, 420 ]
201 silly gunzTarPerm extractEntry test/c-interface/irq-handle-2-inputs.js
202 silly gunzTarPerm modified mode [ 'test/c-interface/irq-handle-2-inputs.js', 436, 420 ]
203 silly gunzTarPerm extractEntry test/c-interface/irq-performance.js
204 silly gunzTarPerm modified mode [ 'test/c-interface/irq-performance.js', 436, 420 ]
205 silly gunzTarPerm extractEntry test/c-interface/irq-watch-unwatch.js
206 silly gunzTarPerm modified mode [ 'test/c-interface/irq-watch-unwatch.js', 436, 420 ]
207 silly gunzTarPerm extractEntry test/c-interface/light-switch.js
208 silly gunzTarPerm modified mode [ 'test/c-interface/light-switch.js', 436, 420 ]
209 silly gunzTarPerm extractEntry test/c-interface/pwm-pulse-10-leds.js
210 silly gunzTarPerm modified mode [ 'test/c-interface/pwm-pulse-10-leds.js', 436, 420 ]
211 silly gunzTarPerm extractEntry test/c-interface/run-tests
212 silly gunzTarPerm modified mode [ 'test/c-interface/run-tests', 509, 493 ]
213 silly gunzTarPerm extractEntry binding.gyp
214 silly gunzTarPerm modified mode [ 'binding.gyp', 436, 420 ]
215 silly gunzTarPerm extractEntry src/pigpio.cc
216 silly gunzTarPerm modified mode [ 'src/pigpio.cc', 436, 420 ]
217 silly gunzTarPerm extractEntry doc/configuration.md
218 silly gunzTarPerm modified mode [ 'doc/configuration.md', 436, 420 ]
219 silly gunzTarPerm extractEntry doc/gpio.md
220 silly gunzTarPerm modified mode [ 'doc/gpio.md', 436, 420 ]
221 silly gunzTarPerm extractEntry doc/gpiobank.md
222 silly gunzTarPerm modified mode [ 'doc/gpiobank.md', 436, 420 ]
223 silly gunzTarPerm extractEntry doc/notifier.md
224 silly gunzTarPerm modified mode [ 'doc/notifier.md', 436, 420 ]
225 silly gentlyRm /Users/victordibia/projects/publicgit/tjwave/node_modules/.staging/pigpio-8dac772a/node_modules is being purged
226 verbose gentlyRm don't care about contents; nuking /Users/victordibia/projects/publicgit/tjwave/node_modules/.staging/pigpio-8dac772a/node_modules
227 silly doParallel preinstall 1
228 silly preinstall pigpio@0.4.0 /Users/victordibia/projects/publicgit/tjwave/node_modules/.staging/pigpio-8dac772a
229 info lifecycle pigpio@0.4.0~preinstall: pigpio@0.4.0
230 silly lifecycle pigpio@0.4.0~preinstall: no script for preinstall, continuing
231 silly doReverseSerial remove 0
232 silly doSerial move 0
233 silly doSerial finalize 1
234 silly finalize /Users/victordibia/projects/publicgit/tjwave/node_modules/pigpio
235 silly doSerial build 1
236 silly build pigpio@0.4.0
237 info linkStuff pigpio@0.4.0
238 silly linkStuff pigpio@0.4.0 has /Users/victordibia/projects/publicgit/tjwave/node_modules as its parent node_modules
239 verbose linkBins pigpio@0.4.0
240 verbose linkMans pigpio@0.4.0
241 silly doSerial global-link 0
242 silly doParallel update-linked 0
243 silly doSerial install 1
244 silly install pigpio@0.4.0 /Users/victordibia/projects/publicgit/tjwave/node_modules/.staging/pigpio-8dac772a
245 info lifecycle pigpio@0.4.0~install: pigpio@0.4.0
246 verbose lifecycle pigpio@0.4.0~install: unsafe-perm in lifecycle true
247 verbose lifecycle pigpio@0.4.0~install: PATH: /Users/victordibia/.npm-packages/lib/node_modules/npm/bin/node-gyp-bin:/Users/victordibia/projects/publicgit/tjwave/node_modules/pigpio/node_modules/.bin:/Users/victordibia/projects/publicgit/tjwave/node_modules/.bin:/usr/local/bin:/Users/victordibia/projects/cocos2d/cocos2d-js/tools/cocos2d-console/bin:/Users/victordibia/software/mongodb/bin:/Users/victordibia/.npm-packages/bin:/Users/victordibia/.npm-packages/bin:/usr/local/bin:/usr/bin:/bin:/usr/sbin:/sbin:/Users/victordibia/software:/opt/oblong/g-speak3.26/bin:/opt/oblong/deps-64-11/bin:/opt/oblong/g-speak3.20/bin:/opt/oblong/deps-64-10/bin
248 verbose lifecycle pigpio@0.4.0~install: CWD: /Users/victordibia/projects/publicgit/tjwave/node_modules/pigpio
249 silly lifecycle pigpio@0.4.0~install: Args: [ '-c', 'node-gyp rebuild' ]
250 silly lifecycle pigpio@0.4.0~install: Returned: code: 1  signal: null
251 info lifecycle pigpio@0.4.0~install: Failed to exec install script
252 verbose unlock done using /Users/victordibia/.npm/_locks/staging-eb6f1b67b8e32dd4.lock for /Users/victordibia/projects/publicgit/tjwave/node_modules/.staging
253 silly rollbackFailedOptional Starting
254 silly rollbackFailedOptional Finishing
255 silly runTopLevelLifecycles Starting
256 silly runTopLevelLifecycles Finishing
257 silly install printInstalled
258 warn tjwave@1.0.0 No repository field.
259 verbose stack Error: pigpio@0.4.0 install: `node-gyp rebuild`
259 verbose stack Exit status 1
259 verbose stack     at EventEmitter.<anonymous> (/Users/victordibia/.npm-packages/lib/node_modules/npm/lib/utils/lifecycle.js:242:16)
259 verbose stack     at emitTwo (events.js:106:13)
259 verbose stack     at EventEmitter.emit (events.js:191:7)
259 verbose stack     at ChildProcess.<anonymous> (/Users/victordibia/.npm-packages/lib/node_modules/npm/lib/utils/spawn.js:40:14)
259 verbose stack     at emitTwo (events.js:106:13)
259 verbose stack     at ChildProcess.emit (events.js:191:7)
259 verbose stack     at maybeClose (internal/child_process.js:852:16)
259 verbose stack     at Process.ChildProcess._handle.onexit (internal/child_process.js:215:5)
260 verbose pkgid pigpio@0.4.0
261 verbose cwd /Users/victordibia/projects/publicgit/tjwave
262 error Darwin 16.1.0
263 error argv "/usr/local/bin/node" "/Users/victordibia/.npm-packages/bin/npm" "install" "-save" "pigpio"
264 error node v6.2.2
265 error npm  v3.10.5
266 error code ELIFECYCLE
267 error pigpio@0.4.0 install: `node-gyp rebuild`
267 error Exit status 1
268 error Failed at the pigpio@0.4.0 install script 'node-gyp rebuild'.
268 error Make sure you have the latest version of node.js and npm installed.
268 error If you do, this is most likely a problem with the pigpio package,
268 error not with npm itself.
268 error Tell the author that this fails on your system:
268 error     node-gyp rebuild
268 error You can get information on how to open an issue for this project with:
268 error     npm bugs pigpio
268 error Or if that isn't available, you can get their info via:
268 error     npm owner ls pigpio
268 error There is likely additional logging output above.
269 verbose exit [ 1, true ]
